<?xml version="1.0" encoding="UTF-8"?>
<testsuite xmlns:xsi="http://www.w3.org/2001/XMLSchema-instance" xsi:noNamespaceSchemaLocation="https://maven.apache.org/surefire/maven-surefire-plugin/xsd/surefire-test-report-3.0.xsd" version="3.0" name="FastApiE2ETest" time="0.568" tests="4" errors="0" skipped="0" failures="0">
  <properties>
[...]
</properties>
  <testcase name="testCreateItem" classname="FastApiE2ETest" time="0.4"/>
  <testcase name="testGetItem" classname="FastApiE2ETest" time="0.031">
    <system-out><![CDATA[✅ Retrieved item 1
]]></system-out>
  </testcase>
  <testcase name="testDeleteItem" classname="FastApiE2ETest" time="0.018">
    <system-out><![CDATA[🗑️ Deleted item 1
]]></system-out>
  </testcase>
  <testcase name="testGetAfterDelete" classname="FastApiE2ETest" time="0.01">
    <system-out><![CDATA[Confirmed item 1 is deleted.
]]></system-out>
  </testcase>
</testsuite>