<?xml version="1.0" encoding="UTF-8"?>
<testsuite xmlns:xsi="http://www.w3.org/2001/XMLSchema-instance" xsi:noNamespaceSchemaLocation="https://maven.apache.org/surefire/maven-surefire-plugin/xsd/surefire-test-report-3.0.xsd" version="3.0" name="integrationTest" time="0.649" tests="4" errors="2" skipped="0" failures="0">
  <properties>
[...]
</properties>
  <testcase name="testCreateAndGetItem" classname="integrationTest" time="0.46">
    <system-out><![CDATA[🔗 Testing FastAPI at: http://localhost:8000
🗄️  DB Connection: jdbc:postgresql://db:5432/fastapidb
✅ Created item ID: 2
]]></system-out>
  </testcase>
  <testcase name="testItemIsPersistedInDB" classname="integrationTest" time="0.017">
    <error message="No suitable driver found for jdbc:postgresql://db:5432/fastapidb" type="java.sql.SQLException"><![CDATA[java.sql.SQLException: No suitable driver found for jdbc:postgresql://db:5432/fastapidb
	at java.sql/java.sql.DriverManager.getConnection(DriverManager.java:708)
	at java.sql/java.sql.DriverManager.getConnection(DriverManager.java:230)
	at integrationTest.getConnection(integrationTest.java:30)
	at integrationTest.testItemIsPersistedInDB(integrationTest.java:84)
	at java.base/java.lang.reflect.Method.invoke(Method.java:580)
	at java.base/java.util.ArrayList.forEach(ArrayList.java:1596)
	at java.base/java.util.ArrayList.forEach(ArrayList.java:1596)
]]></error>
    <system-out><![CDATA[🧪 Checking persistence for item ID: 3
]]></system-out>
  </testcase>
  <testcase name="testDeleteItem" classname="integrationTest" time="0.027">
    <system-out><![CDATA[🗑️ Deleted item 4
]]></system-out>
  </testcase>
  <testcase name="testItemIsRemovedFromDB" classname="integrationTest" time="0.019">
    <error message="No suitable driver found for jdbc:postgresql://db:5432/fastapidb" type="java.sql.SQLException"><![CDATA[java.sql.SQLException: No suitable driver found for jdbc:postgresql://db:5432/fastapidb
	at java.sql/java.sql.DriverManager.getConnection(DriverManager.java:708)
	at java.sql/java.sql.DriverManager.getConnection(DriverManager.java:230)
	at integrationTest.getConnection(integrationTest.java:30)
	at integrationTest.testItemIsRemovedFromDB(integrationTest.java:151)
	at java.base/java.lang.reflect.Method.invoke(Method.java:580)
	at java.base/java.util.ArrayList.forEach(ArrayList.java:1596)
	at java.base/java.util.ArrayList.forEach(ArrayList.java:1596)
]]></error>
  </testcase>
</testsuite>